<?xml version="1.0" encoding="UTF-8"?>
<!-- Generated by org.testng.reporters.JUnitXMLReporter -->
<testsuite hostname="MAHESH" ignored="2" name="SimpleTestInclude" tests="3" failures="0" timestamp="17 Sep 2018 12:23:46 GMT" time="0.137" errors="0">
  <testcase name="test1" time="0.033" classname="simpleTestNG.SimpleTestNGTest"/>
  <testcase name="test2" time="0.005" classname="simpleTestNG.SimpleTestNGTest"/>
  <testcase name="test4" time="0.007" classname="simpleTestNG.SimpleTestNGTest"/>
  <testcase name="testCaptureScreen" time="0.0" classname="simpleTestNG.SimpleTestNGTest">
    <ignored/>
  </testcase> <!-- testCaptureScreen -->
  <testcase name="test3" time="0.0" classname="simpleTestNG.SimpleTestNGTest">
    <ignored/>
  </testcase> <!-- test3 -->
</testsuite> <!-- SimpleTestInclude -->
