<?xml version="1.0" encoding="UTF-8"?>
<!-- Generated by org.testng.reporters.JUnitXMLReporter -->
<testsuite hostname="MAHESH" ignored="3" name="Test" tests="2" failures="0" timestamp="17 Sep 2018 12:11:50 GMT" time="0.12" errors="0">
  <testcase name="test1" time="0.028" classname="simpleTestNG.SimpleTestNGTest"/>
  <testcase name="test3" time="0.003" classname="simpleTestNG.SimpleTestNGTest"/>
  <testcase name="testCaptureScreen" time="0.0" classname="simpleTestNG.SimpleTestNGTest">
    <ignored/>
  </testcase> <!-- testCaptureScreen -->
  <testcase name="test4" time="0.0" classname="simpleTestNG.SimpleTestNGTest">
    <ignored/>
  </testcase> <!-- test4 -->
  <testcase name="test2" time="0.0" classname="simpleTestNG.SimpleTestNGTest">
    <ignored/>
  </testcase> <!-- test2 -->
</testsuite> <!-- Test -->
