<?xml version="1.0" encoding="UTF-8"?>
<!-- Generated by org.testng.reporters.JUnitXMLReporter -->
<testsuite hostname="MAHESH" ignored="3" name="SimpleTestInclude" tests="2" failures="0" timestamp="17 Sep 2018 12:16:35 GMT" time="0.158" errors="0">
  <testcase name="test1" time="0.022" classname="simpleTestNG.SimpleTestNGTest"/>
  <testcase name="test3" time="0.002" classname="simpleTestNG.SimpleTestNGTest"/>
  <testcase name="testCaptureScreen" time="0.0" classname="simpleTestNG.SimpleTestNGTest">
    <ignored/>
  </testcase> <!-- testCaptureScreen -->
  <testcase name="test4" time="0.0" classname="simpleTestNG.SimpleTestNGTest">
    <ignored/>
  </testcase> <!-- test4 -->
  <testcase name="test2" time="0.0" classname="simpleTestNG.SimpleTestNGTest">
    <ignored/>
  </testcase> <!-- test2 -->
</testsuite> <!-- SimpleTestInclude -->
