<?xml version="1.0" encoding="UTF-8"?>
<!-- Generated by org.testng.reporters.JUnitXMLReporter -->
<testsuite hostname="MAHESH" ignored="0" name="TestNGTest 2" tests="11" failures="0" timestamp="17 Sep 2018 12:16:35 GMT" time="0.069" errors="0">
  <testcase name="TestNgTest1" time="0.002" classname="simpleTestNG.AnnotationsTestNG"/>
  <testcase name="TestNgTest2" time="0.0" classname="simpleTestNG.AnnotationsTestNG"/>
  <testcase name="unitTest2A" time="0.0" classname="simpleTestNG.AnnotationsTestNG"/>
  <testcase name="unitTest4A" time="0.001" classname="simpleTestNG.AnnotationsTestNG"/>
  <testcase name="test1" time="0.003" classname="simpleTestNG.SimpleTestNGTest"/>
  <testcase name="test2" time="0.001" classname="simpleTestNG.SimpleTestNGTest"/>
  <testcase name="test3" time="0.002" classname="simpleTestNG.SimpleTestNGTest"/>
  <testcase name="test4" time="0.004" classname="simpleTestNG.SimpleTestNGTest"/>
  <testcase name="testCaptureScreen" time="0.002" classname="simpleTestNG.SimpleTestNGTest"/>
  <testcase name="Printing" time="0.0" classname="simpleTestNG.DataProviderTest"/>
  <testcase name="Printing" time="0.002" classname="simpleTestNG.DataProviderTest"/>
</testsuite> <!-- TestNGTest 2 -->
