<?xml version="1.0" encoding="UTF-8"?>
<!-- Generated by org.testng.reporters.JUnitXMLReporter -->
<testsuite hostname="MAHESH" ignored="8" name="TestNGTest" tests="1" failures="0" timestamp="17 Sep 2018 12:16:35 GMT" time="0.005" errors="0">
  <testcase name="unitTest2A" time="0.001" classname="simpleTestNG.AnnotationsTestNG"/>
  <testcase name="TestNgTest2" time="0.0" classname="simpleTestNG.AnnotationsTestNG">
    <ignored/>
  </testcase> <!-- TestNgTest2 -->
  <testcase name="unitTest4A" time="0.0" classname="simpleTestNG.AnnotationsTestNG">
    <ignored/>
  </testcase> <!-- unitTest4A -->
  <testcase name="testCaptureScreen" time="0.0" classname="simpleTestNG.SimpleTestNGTest">
    <ignored/>
  </testcase> <!-- testCaptureScreen -->
  <testcase name="test3" time="0.0" classname="simpleTestNG.SimpleTestNGTest">
    <ignored/>
  </testcase> <!-- test3 -->
  <testcase name="test4" time="0.0" classname="simpleTestNG.SimpleTestNGTest">
    <ignored/>
  </testcase> <!-- test4 -->
  <testcase name="TestNgTest1" time="0.0" classname="simpleTestNG.AnnotationsTestNG">
    <ignored/>
  </testcase> <!-- TestNgTest1 -->
  <testcase name="test1" time="0.0" classname="simpleTestNG.SimpleTestNGTest">
    <ignored/>
  </testcase> <!-- test1 -->
  <testcase name="test2" time="0.0" classname="simpleTestNG.SimpleTestNGTest">
    <ignored/>
  </testcase> <!-- test2 -->
</testsuite> <!-- TestNGTest -->
